[debug] [2023-04-28T02:15:13.255Z] ----------------------------------------------------------------------
[debug] [2023-04-28T02:15:13.256Z] Command:       D:\Software_Desarrollo\nodejs\node.exe C:\Users\Carlos Vasquez\AppData\Roaming\npm\node_modules\firebase-tools\lib\bin\firebase.js init
[debug] [2023-04-28T02:15:13.257Z] CLI Version:   11.29.1
[debug] [2023-04-28T02:15:13.257Z] Platform:      win32
[debug] [2023-04-28T02:15:13.257Z] Node Version:  v18.13.0
[debug] [2023-04-28T02:15:13.258Z] Time:          Thu Apr 27 2023 22:15:13 GMT-0400 (hora estándar de Chile)
[debug] [2023-04-28T02:15:13.258Z] ----------------------------------------------------------------------
[debug] 
[debug] [2023-04-28T02:15:13.263Z] > command requires scopes: ["email","openid","https://www.googleapis.com/auth/cloudplatformprojects.readonly","https://www.googleapis.com/auth/firebase","https://www.googleapis.com/auth/cloud-platform"]
[debug] [2023-04-28T02:15:13.264Z] > authorizing via signed-in user (cio@coffeemondo.app)
[info] 
     ######## #### ########  ######## ########     ###     ######  ########
     ##        ##  ##     ## ##       ##     ##  ##   ##  ##       ##
     ######    ##  ########  ######   ########  #########  ######  ######
     ##        ##  ##    ##  ##       ##     ## ##     ##       ## ##
     ##       #### ##     ## ######## ########  ##     ##  ######  ########

You're about to initialize a Firebase project in this directory:

  D:\prueba_algoritmos\checkout-payment-sample

[info] 
=== Project Setup
[info] 
[info] First, let's associate this project directory with a Firebase project.
[info] You can create multiple project aliases by running firebase use --add, 
[info] but for now we'll just set up a default project.
[info] 
[debug] [2023-04-28T02:15:22.881Z] >>> [apiv2][query] GET https://firebase.googleapis.com/v1beta1/projects pageSize=100
[debug] [2023-04-28T02:15:23.861Z] <<< [apiv2][status] GET https://firebase.googleapis.com/v1beta1/projects 200
[debug] [2023-04-28T02:15:23.861Z] <<< [apiv2][body] GET https://firebase.googleapis.com/v1beta1/projects [omitted]
[info] i  Using project coffeemondo-365813 (Coffeemondo) 
[info] 
=== Hosting Setup
[debug] [2023-04-28T02:16:57.423Z] Error: Command failed: npm install
    at checkExecSyncError (node:child_process:885:11)
    at execSync (node:child_process:957:15)
    at init (C:\Users\Carlos Vasquez\AppData\Roaming\npm\node_modules\firebase-tools\lib\frameworks\vite\index.js:32:34)
    at process.processTicksAndRejections (node:internal/process/task_queues:95:5)
    at async Object.init (C:\Users\Carlos Vasquez\AppData\Roaming\npm\node_modules\firebase-tools\lib\frameworks\vite\index.js:16:65)
    at async doSetup (C:\Users\Carlos Vasquez\AppData\Roaming\npm\node_modules\firebase-tools\lib\init\features\hosting\index.js:87:13)
    at async init (C:\Users\Carlos Vasquez\AppData\Roaming\npm\node_modules\firebase-tools\lib\init\index.js:37:9)
